<?xml version="1.0" encoding="UTF-8"?>
<testsuite xmlns:xsi="http://www.w3.org/2001/XMLSchema-instance" xsi:noNamespaceSchemaLocation="https://maven.apache.org/surefire/maven-surefire-plugin/xsd/surefire-test-report.xsd" name="com.api.cucumber.runner.PostMethodRunnerTest" time="7.359" tests="27" errors="4" skipped="1" failures="0">
  <properties>
    <property name="sun.desktop" value="windows"/>
    <property name="awt.toolkit" value="sun.awt.windows.WToolkit"/>
    <property name="file.encoding.pkg" value="sun.io"/>
    <property name="java.specification.version" value="1.8"/>
    <property name="sun.cpu.isalist" value="amd64"/>
    <property name="sun.jnu.encoding" value="Cp1252"/>
    <property name="java.class.path" value="C:\Users\avina\eclipse-workspace\cucumber\target\test-classes;C:\Users\avina\eclipse-workspace\cucumber\target\classes;C:\Users\avina\.m2\repository\io\rest-assured\rest-assured\4.3.0\rest-assured-4.3.0.jar;C:\Users\avina\.m2\repository\org\codehaus\groovy\groovy\3.0.2\groovy-3.0.2.jar;C:\Users\avina\.m2\repository\org\codehaus\groovy\groovy-xml\3.0.2\groovy-xml-3.0.2.jar;C:\Users\avina\.m2\repository\org\apache\httpcomponents\httpclient\4.5.3\httpclient-4.5.3.jar;C:\Users\avina\.m2\repository\org\apache\httpcomponents\httpcore\4.4.6\httpcore-4.4.6.jar;C:\Users\avina\.m2\repository\commons-logging\commons-logging\1.2\commons-logging-1.2.jar;C:\Users\avina\.m2\repository\commons-codec\commons-codec\1.9\commons-codec-1.9.jar;C:\Users\avina\.m2\repository\org\apache\httpcomponents\httpmime\4.5.3\httpmime-4.5.3.jar;C:\Users\avina\.m2\repository\org\hamcrest\hamcrest\2.1\hamcrest-2.1.jar;C:\Users\avina\.m2\repository\org\ccil\cowan\tagsoup\tagsoup\1.2.1\tagsoup-1.2.1.jar;C:\Users\avina\.m2\repository\io\rest-assured\json-schema-validator\4.3.0\json-schema-validator-4.3.0.jar;C:\Users\avina\.m2\repository\com\github\java-json-tools\json-schema-validator\2.2.10\json-schema-validator-2.2.10.jar;C:\Users\avina\.m2\repository\com\github\java-json-tools\json-schema-core\1.2.10\json-schema-core-1.2.10.jar;C:\Users\avina\.m2\repository\com\github\java-json-tools\jackson-coreutils\1.9\jackson-coreutils-1.9.jar;C:\Users\avina\.m2\repository\com\fasterxml\jackson\core\jackson-databind\2.2.3\jackson-databind-2.2.3.jar;C:\Users\avina\.m2\repository\com\fasterxml\jackson\core\jackson-annotations\2.2.3\jackson-annotations-2.2.3.jar;C:\Users\avina\.m2\repository\com\fasterxml\jackson\core\jackson-core\2.2.3\jackson-core-2.2.3.jar;C:\Users\avina\.m2\repository\com\google\guava\guava\16.0.1\guava-16.0.1.jar;C:\Users\avina\.m2\repository\com\github\fge\msg-simple\1.1\msg-simple-1.1.jar;C:\Users\avina\.m2\repository\com\github\fge\btf\1.2\btf-1.2.jar;C:\Users\avina\.m2\repository\com\github\fge\uri-template\0.9\uri-template-0.9.jar;C:\Users\avina\.m2\repository\org\mozilla\rhino\1.7.7.1\rhino-1.7.7.1.jar;C:\Users\avina\.m2\repository\javax\mail\mailapi\1.4.3\mailapi-1.4.3.jar;C:\Users\avina\.m2\repository\joda-time\joda-time\2.9.7\joda-time-2.9.7.jar;C:\Users\avina\.m2\repository\com\googlecode\libphonenumber\libphonenumber\8.0.0\libphonenumber-8.0.0.jar;C:\Users\avina\.m2\repository\com\google\code\findbugs\jsr305\3.0.1\jsr305-3.0.1.jar;C:\Users\avina\.m2\repository\net\sf\jopt-simple\jopt-simple\5.0.3\jopt-simple-5.0.3.jar;C:\Users\avina\.m2\repository\io\rest-assured\json-path\4.3.0\json-path-4.3.0.jar;C:\Users\avina\.m2\repository\org\codehaus\groovy\groovy-json\3.0.2\groovy-json-3.0.2.jar;C:\Users\avina\.m2\repository\io\rest-assured\rest-assured-common\4.3.0\rest-assured-common-4.3.0.jar;C:\Users\avina\.m2\repository\io\rest-assured\xml-path\4.3.0\xml-path-4.3.0.jar;C:\Users\avina\.m2\repository\org\apache\commons\commons-lang3\3.4\commons-lang3-3.4.jar;C:\Users\avina\.m2\repository\jakarta\xml\bind\jakarta.xml.bind-api\2.3.2\jakarta.xml.bind-api-2.3.2.jar;C:\Users\avina\.m2\repository\jakarta\activation\jakarta.activation-api\1.2.1\jakarta.activation-api-1.2.1.jar;C:\Users\avina\.m2\repository\com\sun\xml\bind\jaxb-osgi\2.3.0.1\jaxb-osgi-2.3.0.1.jar;C:\Users\avina\.m2\repository\org\apache\sling\org.apache.sling.javax.activation\0.1.0\org.apache.sling.javax.activation-0.1.0.jar;C:\Users\avina\.m2\repository\javax\activation\activation\1.1.1\activation-1.1.1.jar;C:\Users\avina\.m2\repository\com\google\code\gson\gson\2.8.5\gson-2.8.5.jar;C:\Users\avina\.m2\repository\org\hamcrest\java-hamcrest\2.0.0.0\java-hamcrest-2.0.0.0.jar;C:\Users\avina\.m2\repository\org\hamcrest\hamcrest-core\2.2\hamcrest-core-2.2.jar;C:\Users\avina\.m2\repository\org\hamcrest\hamcrest-library\2.2\hamcrest-library-2.2.jar;C:\Users\avina\.m2\repository\junit\junit\4.13\junit-4.13.jar;C:\Users\avina\.m2\repository\info\cukes\cucumber-junit\1.2.5\cucumber-junit-1.2.5.jar;C:\Users\avina\.m2\repository\info\cukes\cucumber-java\1.2.5\cucumber-java-1.2.5.jar;C:\Users\avina\.m2\repository\info\cukes\cucumber-core\1.2.5\cucumber-core-1.2.5.jar;C:\Users\avina\.m2\repository\info\cukes\cucumber-html\0.2.3\cucumber-html-0.2.3.jar;C:\Users\avina\.m2\repository\info\cukes\gherkin\2.12.2\gherkin-2.12.2.jar;C:\Users\avina\.m2\repository\info\cukes\cucumber-jvm-deps\1.0.5\cucumber-jvm-deps-1.0.5.jar;C:\Users\avina\.m2\repository\info\cukes\cucumber-picocontainer\1.2.5\cucumber-picocontainer-1.2.5.jar;C:\Users\avina\.m2\repository\org\picocontainer\picocontainer\2.15\picocontainer-2.15.jar;C:\Users\avina\.m2\repository\com\vimalselvam\cucumber-extentsreport\3.0.2\cucumber-extentsreport-3.0.2.jar;C:\Users\avina\.m2\repository\com\aventstack\extentreports\3.1.2\extentreports-3.1.2.jar;C:\Users\avina\.m2\repository\org\freemarker\freemarker\2.3.23\freemarker-2.3.23.jar;C:\Users\avina\.m2\repository\org\mongodb\mongodb-driver\3.3.0\mongodb-driver-3.3.0.jar;C:\Users\avina\.m2\repository\org\mongodb\bson\3.3.0\bson-3.3.0.jar;C:\Users\avina\.m2\repository\org\mongodb\mongodb-driver-core\3.3.0\mongodb-driver-core-3.3.0.jar;C:\Users\avina\.m2\repository\org\jsoup\jsoup\1.9.2\jsoup-1.9.2.jar;"/>
    <property name="java.vm.vendor" value="Oracle Corporation"/>
    <property name="sun.arch.data.model" value="64"/>
    <property name="user.variant" value=""/>
    <property name="java.vendor.url" value="http://java.oracle.com/"/>
    <property name="user.timezone" value="Asia/Calcutta"/>
    <property name="java.vm.specification.version" value="1.8"/>
    <property name="os.name" value="Windows 10"/>
    <property name="user.country" value="IN"/>
    <property name="sun.java.launcher" value="SUN_STANDARD"/>
    <property name="sun.boot.library.path" value="C:\Program Files\Java\jdk1.8.0_201\jre\bin"/>
    <property name="sun.java.command" value="C:\Users\avina\AppData\Local\Temp\surefire2799189624302620972\surefirebooter1616165681950619291.jar C:\Users\avina\AppData\Local\Temp\surefire2799189624302620972 2020-05-07T17-11-42_584-jvmRun1 surefire1853549760497581050tmp surefire_02696286364215186679tmp"/>
    <property name="surefire.test.class.path" value="C:\Users\avina\eclipse-workspace\cucumber\target\test-classes;C:\Users\avina\eclipse-workspace\cucumber\target\classes;C:\Users\avina\.m2\repository\io\rest-assured\rest-assured\4.3.0\rest-assured-4.3.0.jar;C:\Users\avina\.m2\repository\org\codehaus\groovy\groovy\3.0.2\groovy-3.0.2.jar;C:\Users\avina\.m2\repository\org\codehaus\groovy\groovy-xml\3.0.2\groovy-xml-3.0.2.jar;C:\Users\avina\.m2\repository\org\apache\httpcomponents\httpclient\4.5.3\httpclient-4.5.3.jar;C:\Users\avina\.m2\repository\org\apache\httpcomponents\httpcore\4.4.6\httpcore-4.4.6.jar;C:\Users\avina\.m2\repository\commons-logging\commons-logging\1.2\commons-logging-1.2.jar;C:\Users\avina\.m2\repository\commons-codec\commons-codec\1.9\commons-codec-1.9.jar;C:\Users\avina\.m2\repository\org\apache\httpcomponents\httpmime\4.5.3\httpmime-4.5.3.jar;C:\Users\avina\.m2\repository\org\hamcrest\hamcrest\2.1\hamcrest-2.1.jar;C:\Users\avina\.m2\repository\org\ccil\cowan\tagsoup\tagsoup\1.2.1\tagsoup-1.2.1.jar;C:\Users\avina\.m2\repository\io\rest-assured\json-schema-validator\4.3.0\json-schema-validator-4.3.0.jar;C:\Users\avina\.m2\repository\com\github\java-json-tools\json-schema-validator\2.2.10\json-schema-validator-2.2.10.jar;C:\Users\avina\.m2\repository\com\github\java-json-tools\json-schema-core\1.2.10\json-schema-core-1.2.10.jar;C:\Users\avina\.m2\repository\com\github\java-json-tools\jackson-coreutils\1.9\jackson-coreutils-1.9.jar;C:\Users\avina\.m2\repository\com\fasterxml\jackson\core\jackson-databind\2.2.3\jackson-databind-2.2.3.jar;C:\Users\avina\.m2\repository\com\fasterxml\jackson\core\jackson-annotations\2.2.3\jackson-annotations-2.2.3.jar;C:\Users\avina\.m2\repository\com\fasterxml\jackson\core\jackson-core\2.2.3\jackson-core-2.2.3.jar;C:\Users\avina\.m2\repository\com\google\guava\guava\16.0.1\guava-16.0.1.jar;C:\Users\avina\.m2\repository\com\github\fge\msg-simple\1.1\msg-simple-1.1.jar;C:\Users\avina\.m2\repository\com\github\fge\btf\1.2\btf-1.2.jar;C:\Users\avina\.m2\repository\com\github\fge\uri-template\0.9\uri-template-0.9.jar;C:\Users\avina\.m2\repository\org\mozilla\rhino\1.7.7.1\rhino-1.7.7.1.jar;C:\Users\avina\.m2\repository\javax\mail\mailapi\1.4.3\mailapi-1.4.3.jar;C:\Users\avina\.m2\repository\joda-time\joda-time\2.9.7\joda-time-2.9.7.jar;C:\Users\avina\.m2\repository\com\googlecode\libphonenumber\libphonenumber\8.0.0\libphonenumber-8.0.0.jar;C:\Users\avina\.m2\repository\com\google\code\findbugs\jsr305\3.0.1\jsr305-3.0.1.jar;C:\Users\avina\.m2\repository\net\sf\jopt-simple\jopt-simple\5.0.3\jopt-simple-5.0.3.jar;C:\Users\avina\.m2\repository\io\rest-assured\json-path\4.3.0\json-path-4.3.0.jar;C:\Users\avina\.m2\repository\org\codehaus\groovy\groovy-json\3.0.2\groovy-json-3.0.2.jar;C:\Users\avina\.m2\repository\io\rest-assured\rest-assured-common\4.3.0\rest-assured-common-4.3.0.jar;C:\Users\avina\.m2\repository\io\rest-assured\xml-path\4.3.0\xml-path-4.3.0.jar;C:\Users\avina\.m2\repository\org\apache\commons\commons-lang3\3.4\commons-lang3-3.4.jar;C:\Users\avina\.m2\repository\jakarta\xml\bind\jakarta.xml.bind-api\2.3.2\jakarta.xml.bind-api-2.3.2.jar;C:\Users\avina\.m2\repository\jakarta\activation\jakarta.activation-api\1.2.1\jakarta.activation-api-1.2.1.jar;C:\Users\avina\.m2\repository\com\sun\xml\bind\jaxb-osgi\2.3.0.1\jaxb-osgi-2.3.0.1.jar;C:\Users\avina\.m2\repository\org\apache\sling\org.apache.sling.javax.activation\0.1.0\org.apache.sling.javax.activation-0.1.0.jar;C:\Users\avina\.m2\repository\javax\activation\activation\1.1.1\activation-1.1.1.jar;C:\Users\avina\.m2\repository\com\google\code\gson\gson\2.8.5\gson-2.8.5.jar;C:\Users\avina\.m2\repository\org\hamcrest\java-hamcrest\2.0.0.0\java-hamcrest-2.0.0.0.jar;C:\Users\avina\.m2\repository\org\hamcrest\hamcrest-core\2.2\hamcrest-core-2.2.jar;C:\Users\avina\.m2\repository\org\hamcrest\hamcrest-library\2.2\hamcrest-library-2.2.jar;C:\Users\avina\.m2\repository\junit\junit\4.13\junit-4.13.jar;C:\Users\avina\.m2\repository\info\cukes\cucumber-junit\1.2.5\cucumber-junit-1.2.5.jar;C:\Users\avina\.m2\repository\info\cukes\cucumber-java\1.2.5\cucumber-java-1.2.5.jar;C:\Users\avina\.m2\repository\info\cukes\cucumber-core\1.2.5\cucumber-core-1.2.5.jar;C:\Users\avina\.m2\repository\info\cukes\cucumber-html\0.2.3\cucumber-html-0.2.3.jar;C:\Users\avina\.m2\repository\info\cukes\gherkin\2.12.2\gherkin-2.12.2.jar;C:\Users\avina\.m2\repository\info\cukes\cucumber-jvm-deps\1.0.5\cucumber-jvm-deps-1.0.5.jar;C:\Users\avina\.m2\repository\info\cukes\cucumber-picocontainer\1.2.5\cucumber-picocontainer-1.2.5.jar;C:\Users\avina\.m2\repository\org\picocontainer\picocontainer\2.15\picocontainer-2.15.jar;C:\Users\avina\.m2\repository\com\vimalselvam\cucumber-extentsreport\3.0.2\cucumber-extentsreport-3.0.2.jar;C:\Users\avina\.m2\repository\com\aventstack\extentreports\3.1.2\extentreports-3.1.2.jar;C:\Users\avina\.m2\repository\org\freemarker\freemarker\2.3.23\freemarker-2.3.23.jar;C:\Users\avina\.m2\repository\org\mongodb\mongodb-driver\3.3.0\mongodb-driver-3.3.0.jar;C:\Users\avina\.m2\repository\org\mongodb\bson\3.3.0\bson-3.3.0.jar;C:\Users\avina\.m2\repository\org\mongodb\mongodb-driver-core\3.3.0\mongodb-driver-core-3.3.0.jar;C:\Users\avina\.m2\repository\org\jsoup\jsoup\1.9.2\jsoup-1.9.2.jar;"/>
    <property name="sun.cpu.endian" value="little"/>
    <property name="user.home" value="C:\Users\avina"/>
    <property name="user.language" value="en"/>
    <property name="java.specification.vendor" value="Oracle Corporation"/>
    <property name="java.home" value="C:\Program Files\Java\jdk1.8.0_201\jre"/>
    <property name="basedir" value="C:\Users\avina\eclipse-workspace\cucumber"/>
    <property name="file.separator" value="\"/>
    <property name="line.separator" value="&#10;"/>
    <property name="java.vm.specification.vendor" value="Oracle Corporation"/>
    <property name="java.specification.name" value="Java Platform API Specification"/>
    <property name="java.awt.graphicsenv" value="sun.awt.Win32GraphicsEnvironment"/>
    <property name="surefire.real.class.path" value="C:\Users\avina\AppData\Local\Temp\surefire2799189624302620972\surefirebooter1616165681950619291.jar"/>
    <property name="sun.boot.class.path" value="C:\Program Files\Java\jdk1.8.0_201\jre\lib\resources.jar;C:\Program Files\Java\jdk1.8.0_201\jre\lib\rt.jar;C:\Program Files\Java\jdk1.8.0_201\jre\lib\sunrsasign.jar;C:\Program Files\Java\jdk1.8.0_201\jre\lib\jsse.jar;C:\Program Files\Java\jdk1.8.0_201\jre\lib\jce.jar;C:\Program Files\Java\jdk1.8.0_201\jre\lib\charsets.jar;C:\Program Files\Java\jdk1.8.0_201\jre\lib\jfr.jar;C:\Program Files\Java\jdk1.8.0_201\jre\classes"/>
    <property name="user.script" value=""/>
    <property name="sun.management.compiler" value="HotSpot 64-Bit Tiered Compilers"/>
    <property name="java.runtime.version" value="1.8.0_201-b09"/>
    <property name="user.name" value="avina"/>
    <property name="path.separator" value=";"/>
    <property name="os.version" value="10.0"/>
    <property name="java.endorsed.dirs" value="C:\Program Files\Java\jdk1.8.0_201\jre\lib\endorsed"/>
    <property name="java.runtime.name" value="Java(TM) SE Runtime Environment"/>
    <property name="file.encoding" value="Cp1252"/>
    <property name="java.vm.name" value="Java HotSpot(TM) 64-Bit Server VM"/>
    <property name="localRepository" value="C:\Users\avina\.m2\repository"/>
    <property name="java.vendor.url.bug" value="http://bugreport.sun.com/bugreport/"/>
    <property name="java.io.tmpdir" value="C:\Users\avina\AppData\Local\Temp\"/>
    <property name="java.version" value="1.8.0_201"/>
    <property name="user.dir" value="C:\Users\avina\eclipse-workspace\cucumber"/>
    <property name="os.arch" value="amd64"/>
    <property name="java.vm.specification.name" value="Java Virtual Machine Specification"/>
    <property name="java.awt.printerjob" value="sun.awt.windows.WPrinterJob"/>
    <property name="sun.os.patch.level" value=""/>
    <property name="java.library.path" value="C:\Program Files\Java\jdk1.8.0_201\jre\bin;C:\WINDOWS\Sun\Java\bin;C:\WINDOWS\system32;C:\WINDOWS;C:\Program Files (x86)\Common Files\Oracle\Java\javapath;C:\Program Files (x86)\Intel\iCLS Client\;C:\Program Files\Intel\iCLS Client\;C:\WINDOWS\system32;C:\WINDOWS;C:\WINDOWS\System32\Wbem;C:\WINDOWS\System32\WindowsPowerShell\v1.0\;C:\Program Files (x86)\Intel\Intel(R) Management Engine Components\DAL;C:\Program Files\Intel\Intel(R) Management Engine Components\DAL;C:\Program Files (x86)\Intel\Intel(R) Management Engine Components\IPT;C:\Program Files\Intel\Intel(R) Management Engine Components\IPT;C:\WINDOWS\System32\OpenSSH\;C:\Program Files\Git\cmd;C:\Users\avina\AppData\Local\Programs\Python\Python37-32\;C:\Users\avina\AppData\Local\Programs\Python\Python37-32\Scripts\;C:\Program Files\Java\jdk1.8.0_201\bin;C:\Users\avina\Downloads\apache-maven-3.6.0-bin\apache-maven-3.6.0\bin;C:\Users\avina\Downloads\apache-maven-3.6.0-bin\apache-maven-3.6.0;c:\Program Files\PuTTY\;C:\Program Files\nodejs\;C:\Program Files\Amazon\AWSCLI;C:\Program Files\Amazon\AWSCLI\bin\;C:\Program Files\MongoDB\Server\4.2\bin;C:\Program Files\Java\jdk1.8.0_201\lib;C:\Users\avina\AppData\Local\Android\Sdk\platform-tools;C:\Users\avina\AppData\Local\Android\Sdk\tools;C:\Users\avina\AppData\Local\Android\Sdk\build-tools;C:\Program Files\Android\Android Studio\bin;C:\Users\avina\Downloads\apache-maven-3.6.0-bin\apache-maven-3.6.0;C:\Users\avina\Downloads\gradle-6.3-bin\gradle-6.3\bin;C:\Users\avina\AppData\Local\Microsoft\WindowsApps;C:\bin;C:\Program Files\JetBrains\PyCharm Community Edition 2018.3.3\bin;C:\Users\avina\AppData\Roaming\npm;C:\Users\avina\AppData\Local\Programs\Microsoft VS Code\bin;."/>
    <property name="java.vm.info" value="mixed mode"/>
    <property name="java.vendor" value="Oracle Corporation"/>
    <property name="java.vm.version" value="25.201-b09"/>
    <property name="java.ext.dirs" value="C:\Program Files\Java\jdk1.8.0_201\jre\lib\ext;C:\WINDOWS\Sun\Java\lib\ext"/>
    <property name="sun.io.unicode.encoding" value="UnicodeLittle"/>
    <property name="java.class.version" value="52.0"/>
  </properties>
  <testcase name="Given I want to write a step with precondition" classname="Scenario: Title of your scenario" time="0"/>
  <testcase name="And some other precondition" classname="Scenario: Title of your scenario" time="0.001"/>
  <testcase name="When I complete action" classname="Scenario: Title of your scenario" time="0"/>
  <testcase name="And some other action" classname="Scenario: Title of your scenario" time="0"/>
  <testcase name="And yet another action" classname="Scenario: Title of your scenario" time="0"/>
  <testcase name="Then I validate the outcomes" classname="Scenario: Title of your scenario" time="0.009">
    <error message="TODO: implement me" type="cucumber.api.PendingException">cucumber.api.PendingException: TODO: implement me
</error>
  </testcase>
  <testcase name="Scenario: Title of your scenario" classname="Scenario: Title of your scenario" time="0.011">
    <error message="TODO: implement me" type="cucumber.api.PendingException">cucumber.api.PendingException: TODO: implement me
</error>
  </testcase>
  <testcase name="And check more outcomes" classname="Scenario: Title of your scenario" time="0">
    <skipped/>
  </testcase>
  <testcase name="Given I want to write a step with name1" classname="| name1 | 5 | success |" time="0"/>
  <testcase name="When I check for the 5 in step" classname="| name1 | 5 | success |" time="0"/>
  <testcase name="Then I verify the success in step" classname="| name1 | 5 | success |" time="0"/>
  <testcase name="| name1 | 5 | success |" classname="| name1 | 5 | success |" time="0.002"/>
  <testcase name="Given I want to write a step with name2" classname="| name2 | 7 | Fail |" time="0"/>
  <testcase name="When I check for the 7 in step" classname="| name2 | 7 | Fail |" time="0"/>
  <testcase name="Then I verify the Fail in step" classname="| name2 | 7 | Fail |" time="0"/>
  <testcase name="| name2 | 7 | Fail |" classname="| name2 | 7 | Fail |" time="0.002"/>
  <testcase name="Given Accept Content in Json Format" classname="Scenario: Add details" time="0"/>
  <testcase name="And Content type as Json" classname="Scenario: Add details" time="0"/>
  <testcase name="When I perform Post request with Brand name as &quot;Dell&quot; , Features as &quot;8 GB RAM , 1 TB Hard Drive&quot;,LaptopName as &quot;Latitude&quot;" classname="Scenario: Add details" time="0"/>
  <testcase name="Then Status code &quot;200&quot; should returned" classname="Scenario: Add details" time="0"/>
  <testcase name="And Response should have Integer Id" classname="Scenario: Add details" time="0"/>
  <testcase name="Scenario: Add details" classname="Scenario: Add details" time="0.004"/>
  <testcase name="Given Accept Content in Json Format" classname="Scenario: Post details with invalid body" time="0"/>
  <testcase name="And Content type as Json" classname="Scenario: Post details with invalid body" time="0"/>
  <testcase name="But I supply invalid json body" classname="Scenario: Post details with invalid body" time="0"/>
  <testcase name="Feature: Try to add laptop in laptop bag with Invalid body" classname="Feature: Try to add laptop in laptop bag with Invalid body" time="0.001">
    <error type="java.lang.NullPointerException">java.lang.NullPointerException
</error>
  </testcase>
  <testcase name="Feature: Update a laptop information in laptop bag" classname="Feature: Update a laptop information in laptop bag" time="0.004">
    <error message="Expected step: &quot;i perform Post request Status code &quot;400&quot; should returned&quot; got step: &quot;Accept Content in Json Format&quot;" type="cucumber.runtime.CucumberException">cucumber.runtime.CucumberException: Expected step: "i perform Post request Status code "400" should returned" got step: "Accept Content in Json Format"
</error>
    <system-out><![CDATA[
  @functional
  Scenario: Post details with invalid body                        # PostMethodInvalid.feature:4
    Given Accept Content in Json Format                           # PostMethodStepDefination.accept_Content_in_Json_Format()
    And Content type as Json                                      # PostMethodStepDefination.content_type_as_Json()
    But I supply invalid json body                                # PostMethodStepDefination.i_supply_invalid_json_body()
    When i perform Post request Status code "400" should returned
    Then Status code "400" should returned
Feature: Update a laptop information in laptop bag
Before Scenario of cucumber. HOOKS......
]]></system-out>
  </testcase>
</testsuite>